INFO  Validating config
INFO  Start processing
INFO  Hexo is running at http://localhost:80 . Press Ctrl+C to stop.
(node:6065) Warning: Accessing non-existent property 'lineno' of module exports inside circular dependency
(Use `node --trace-warnings ...` to show where the warning was created)
(node:6065) Warning: Accessing non-existent property 'column' of module exports inside circular dependency
(node:6065) Warning: Accessing non-existent property 'filename' of module exports inside circular dependency
(node:6065) Warning: Accessing non-existent property 'lineno' of module exports inside circular dependency
(node:6065) Warning: Accessing non-existent property 'column' of module exports inside circular dependency
(node:6065) Warning: Accessing non-existent property 'filename' of module exports inside circular dependency
INFO  Validating config
INFO  Start processing
INFO  Hexo is running at http://localhost:4000 . Press Ctrl+C to stop.
(node:42834) Warning: Accessing non-existent property 'lineno' of module exports inside circular dependency
(Use `node --trace-warnings ...` to show where the warning was created)
(node:42834) Warning: Accessing non-existent property 'column' of module exports inside circular dependency
(node:42834) Warning: Accessing non-existent property 'filename' of module exports inside circular dependency
(node:42834) Warning: Accessing non-existent property 'lineno' of module exports inside circular dependency
(node:42834) Warning: Accessing non-existent property 'column' of module exports inside circular dependency
(node:42834) Warning: Accessing non-existent property 'filename' of module exports inside circular dependency
INFO  Validating config
INFO  Start processing
INFO  Hexo is running at http://localhost:4000 . Press Ctrl+C to stop.
(node:74490) Warning: Accessing non-existent property 'lineno' of module exports inside circular dependency
(Use `node --trace-warnings ...` to show where the warning was created)
(node:74490) Warning: Accessing non-existent property 'column' of module exports inside circular dependency
(node:74490) Warning: Accessing non-existent property 'filename' of module exports inside circular dependency
(node:74490) Warning: Accessing non-existent property 'lineno' of module exports inside circular dependency
(node:74490) Warning: Accessing non-existent property 'column' of module exports inside circular dependency
(node:74490) Warning: Accessing non-existent property 'filename' of module exports inside circular dependency
